âš¡ main ~/ffffff npm run dev

> rest-express@1.0.0 dev /teamspace/studios/this_studio/ffffff
> tsx server/index.ts

/teamspace/studios/this_studio/ffffff/node_modules/tsx/dist/cli.mjs:2
var $n=Object.defineProperty;var a=(t,e)=>$n(t,"name",{value:e,configurable:!0});import{constants as dt}from"node:os";import Tn from"tty";import{transformSync as xn}from"esbuild";import{v as On}from"./package--YiorJOq.mjs";import{r as We,g as Nn,i as Hn}from"./get-pipe-path-BHW2eJdv.mjs";import{pathToFileURL as Ln,fileURLToPath as In}from"node:url";import Pn from"child_process";import z from"path";import oe from"fs";import{i as wu,m as kn,t as Mn}from"./node-features-_8ZFwP_x.mjs";import Gn from"node:path";import Wn from"events";import _e from"util";import jn from"stream";import Ru from"os";import Un from"node:net";import Et from"node:fs";import{t as Kn}from"./temporary-directory-CwHp0_NW.mjs";import"module";const Vn="known-flag",zn="unknown-flag",Yn="argument",{stringify:Ae}=JSON,qn=/\B([A-Z])/g,Xn=a(t=>t.replace(qn,"-$1").toLowerCase(),"v$1"),{hasOwnProperty:Qn}=Object.prototype,ye=a((t,e)=>Qn.call(t,e),"w$2"),Zn=a(t=>Array.isArray(t),"

SyntaxError: Unexpected token {
    at Module._compile (internal/modules/cjs/loader.js:723:23)
    at Object.Module._extensions..js (internal/modules/cjs/loader.js:789:10)
    at Module.load (internal/modules/cjs/loader.js:653:32)
    at tryModuleLoad (internal/modules/cjs/loader.js:593:12)
    at Function.Module._load (internal/modules/cjs/loader.js:585:3)
    at Function.Module.runMain (internal/modules/cjs/loader.js:831:12)
    at startup (internal/bootstrap/node.js:283:19)
    at bootstrapNodeJSCore (internal/bootstrap/node.js:623:3)
npm ERR! code ELIFECYCLE
npm ERR! errno 1
npm ERR! rest-express@1.0.0 dev: `tsx server/index.ts`
npm ERR! Exit status 1
npm ERR! 
npm ERR! Failed at the rest-express@1.0.0 dev script.
npm ERR! This is probably not a problem with npm. There is likely additional logging output above.

npm ERR! A complete log of this run can be found in:
npm ERR!     /teamspace/studios/this_studio/.npm/_logs/2025-03-18T10_54_42_725Z-debug.log